Build started 8/11/2015 11:11:57 PM.
     1>Project "w:\documents\visual studio 2010\Projects\hill\hill\hill.vcxproj" on node 2 (build target(s)).
     1>PrepareForBuild:
         Creating directory "w:\documents\visual studio 2010\Projects\hill\Debug\".
       InitializeBuildStatus:
         Creating "Debug\hill.unsuccessfulbuild" because "AlwaysCreate" was specified.
       ClCompile:
         C:\Program Files (x86)\Microsoft Visual Studio 10.0\VC\bin\CL.exe /c /ZI /nologo /W3 /WX- /Od /Oy- /D _MBCS /Gm /EHsc /RTC1 /MDd /GS /fp:precise /Zc:wchar_t /Zc:forScope /Fo"Debug\\" /Fd"Debug\vc100.pdb" /Gd /TP /analyze- /errorReport:prompt ..\..\..\..\..\Desktop\hill.cpp
         hill.cpp
     1>w:\desktop\hill.cpp(24): warning C4101: 'column' : unreferenced local variable
     1>w:\desktop\hill.cpp(23): warning C4101: 'k' : unreferenced local variable
     1>w:\desktop\hill.cpp(227): warning C4244: 'argument' : conversion from 'time_t' to 'unsigned int', possible loss of data
     1>w:\desktop\hill.cpp(231): warning C4996: 'getch': The POSIX name for this item is deprecated. Instead, use the ISO C++ conformant name: _getch. See online help for details.
                 c:\program files (x86)\microsoft visual studio 10.0\vc\include\conio.h(128) : see declaration of 'getch'
       Link:
         C:\Program Files (x86)\Microsoft Visual Studio 10.0\VC\bin\link.exe /ERRORREPORT:PROMPT /OUT:"w:\documents\visual studio 2010\Projects\hill\Debug\hill.exe" /NOLOGO kernel32.lib user32.lib gdi32.lib winspool.lib comdlg32.lib advapi32.lib shell32.lib ole32.lib oleaut32.lib uuid.lib odbc32.lib odbccp32.lib /MANIFEST /ManifestFile:"Debug\hill.exe.intermediate.manifest" /MANIFESTUAC:"level='asInvoker' uiAccess='false'" /DEBUG /PDB:"w:\documents\visual studio 2010\Projects\hill\Debug\hill.pdb" /TLBID:1 /DYNAMICBASE /NXCOMPAT /IMPLIB:"w:\documents\visual studio 2010\Projects\hill\Debug\hill.lib" /MACHINE:X86 Debug\hill.obj
         hill.vcxproj -> w:\documents\visual studio 2010\Projects\hill\Debug\hill.exe
       Manifest:
         C:\Program Files (x86)\Microsoft SDKs\Windows\v7.0A\bin\mt.exe /nologo /verbose /outputresource:"w:\documents\visual studio 2010\Projects\hill\Debug\hill.exe;#1" /manifest Debug\hill.exe.intermediate.manifest
       FinalizeBuildStatus:
         Deleting file "Debug\hill.unsuccessfulbuild".
         Touching "Debug\hill.lastbuildstate".
     1>Done Building Project "w:\documents\visual studio 2010\Projects\hill\hill\hill.vcxproj" (build target(s)).

Build succeeded.

Time Elapsed 00:00:02.90
